<?xml version="1.0" encoding="UTF-8"?>
<!-- Generated by org.testng.reporters.JUnitReportReporter -->
<testsuite hostname="LAPTOP-PNEHHBBE" failures="0" tests="1" name="com.solvd.laba.carina.unsplash.APITests" time="1.413" errors="0" timestamp="2023-07-28T00:35:56 CDT" skipped="0">
  <testcase classname="com.solvd.laba.carina.unsplash.APITests" name="testInvalidCredentials" time="1.413"/>
  <system-out/>
</testsuite> <!-- com.solvd.laba.carina.unsplash.APITests -->
