<?xml version="1.0" encoding="UTF-8"?>
<!-- Generated by org.testng.reporters.JUnitReportReporter -->
<testsuite hostname="LAPTOP-PNEHHBBE" failures="0" tests="5" name="com.solvd.laba.carina.carinaDocsWebTests.HeaderValidationTest" time="18.414" errors="0" timestamp="2023-08-05T05:22:55 CDT" skipped="0">
  <testcase classname="com.solvd.laba.carina.carinaDocsWebTests.HeaderValidationTest" name="testGitHubLinkValidation" time="3.196"/>
  <system-out/>
  <testcase classname="com.solvd.laba.carina.carinaDocsWebTests.HeaderValidationTest" name="testCarinaSearchBarPlaceholderText" time="3.499"/>
  <system-out/>
  <testcase classname="com.solvd.laba.carina.carinaDocsWebTests.HeaderValidationTest" name="testValidateHeaderIsSticky" time="3.599"/>
  <system-out/>
  <testcase classname="com.solvd.laba.carina.carinaDocsWebTests.HeaderValidationTest" name="testCarinaHeaderTextPresence" time="3.911"/>
  <system-out/>
  <testcase classname="com.solvd.laba.carina.carinaDocsWebTests.HeaderValidationTest" name="testLogoTakesUserToOverviewPage" time="4.209"/>
  <system-out/>
</testsuite> <!-- com.solvd.laba.carina.carinaDocsWebTests.HeaderValidationTest -->
